C:\Users\Chiang\Documents\GitHub\WindowsSocket2HelloWorld\Client_Kuo\Debug\cl.command.1.tlog
C:\Users\Chiang\Documents\GitHub\WindowsSocket2HelloWorld\Client_Kuo\Debug\CL.read.1.tlog
C:\Users\Chiang\Documents\GitHub\WindowsSocket2HelloWorld\Client_Kuo\Debug\CL.write.1.tlog
C:\USERS\CHIANG\DOCUMENTS\GITHUB\WINDOWSSOCKET2HELLOWORLD\CLIENT_KUO\DEBUG\CLIENT.OBJ
C:\USERS\CHIANG\DOCUMENTS\GITHUB\WINDOWSSOCKET2HELLOWORLD\CLIENT_KUO\DEBUG\CLIENT_KUO.EXE.INTERMEDIATE.MANIFEST
C:\Users\Chiang\Documents\GitHub\WindowsSocket2HelloWorld\Client_Kuo\Debug\Client_Kuo.vcxprojResolveAssemblyReference.cache
C:\Users\Chiang\Documents\GitHub\WindowsSocket2HelloWorld\Client_Kuo\Debug\Client_Kuo.write.1.tlog
C:\Users\Chiang\Documents\GitHub\WindowsSocket2HelloWorld\Client_Kuo\Debug\link.command.1.tlog
C:\Users\Chiang\Documents\GitHub\WindowsSocket2HelloWorld\Client_Kuo\Debug\link.read.1.tlog
C:\Users\Chiang\Documents\GitHub\WindowsSocket2HelloWorld\Client_Kuo\Debug\link.write.1.tlog
C:\Users\Chiang\Documents\GitHub\WindowsSocket2HelloWorld\Client_Kuo\Debug\mt.command.1.tlog
C:\Users\Chiang\Documents\GitHub\WindowsSocket2HelloWorld\Client_Kuo\Debug\mt.read.1.tlog
C:\Users\Chiang\Documents\GitHub\WindowsSocket2HelloWorld\Client_Kuo\Debug\mt.write.1.tlog
C:\USERS\CHIANG\DOCUMENTS\GITHUB\WINDOWSSOCKET2HELLOWORLD\CLIENT_KUO\DEBUG\TCP-CLIENT.OBJ
C:\USERS\CHIANG\DOCUMENTS\GITHUB\WINDOWSSOCKET2HELLOWORLD\CLIENT_KUO\DEBUG\TCP-EXCEPTION.OBJ
C:\Users\Chiang\Documents\GitHub\WindowsSocket2HelloWorld\Client_Kuo\Debug\vc100.idb
C:\USERS\CHIANG\DOCUMENTS\GITHUB\WINDOWSSOCKET2HELLOWORLD\CLIENT_KUO\DEBUG\VC100.PDB
C:\USERS\CHIANG\DOCUMENTS\GITHUB\WINDOWSSOCKET2HELLOWORLD\DEBUG\CLIENT_KUO.EXE
C:\USERS\CHIANG\DOCUMENTS\GITHUB\WINDOWSSOCKET2HELLOWORLD\DEBUG\CLIENT_KUO.ILK
C:\USERS\CHIANG\DOCUMENTS\GITHUB\WINDOWSSOCKET2HELLOWORLD\DEBUG\CLIENT_KUO.PDB
C:\USERS\SHU\DESKTOP\WINDOWSSOCKETHELLOWORLD\CLIENT_KUO\DEBUG\CLIENT.OBJ
C:\USERS\SHU\DESKTOP\WINDOWSSOCKETHELLOWORLD\CLIENT_KUO\DEBUG\CLIENT_KUO.EXE.INTERMEDIATE.MANIFEST
C:\USERS\SHU\DESKTOP\WINDOWSSOCKETHELLOWORLD\CLIENT_KUO\DEBUG\TCP-CLIENT.OBJ
C:\USERS\SHU\DESKTOP\WINDOWSSOCKETHELLOWORLD\CLIENT_KUO\DEBUG\TCP-EXCEPTION.OBJ
C:\USERS\SHU\DESKTOP\WINDOWSSOCKETHELLOWORLD\CLIENT_KUO\DEBUG\VC100.PDB
C:\USERS\SHU\DESKTOP\WINDOWSSOCKETHELLOWORLD\DEBUG\CLIENT_KUO.EXE
C:\USERS\SHU\DESKTOP\WINDOWSSOCKETHELLOWORLD\DEBUG\CLIENT_KUO.ILK
C:\USERS\SHU\DESKTOP\WINDOWSSOCKETHELLOWORLD\DEBUG\CLIENT_KUO.PDB
