C:\USERS\CHIANG\DOCUMENTS\GITHUB\WINDOWSSOCKET2HELLOWORLD\DEBUG\SERVER_KUO.EXE
C:\USERS\CHIANG\DOCUMENTS\GITHUB\WINDOWSSOCKET2HELLOWORLD\DEBUG\SERVER_KUO.ILK
C:\USERS\CHIANG\DOCUMENTS\GITHUB\WINDOWSSOCKET2HELLOWORLD\DEBUG\SERVER_KUO.PDB
C:\Users\Chiang\Documents\GitHub\WindowsSocket2HelloWorld\Server_Kuo\Debug\cl.command.1.tlog
C:\Users\Chiang\Documents\GitHub\WindowsSocket2HelloWorld\Server_Kuo\Debug\CL.read.1.tlog
C:\Users\Chiang\Documents\GitHub\WindowsSocket2HelloWorld\Server_Kuo\Debug\CL.write.1.tlog
C:\Users\Chiang\Documents\GitHub\WindowsSocket2HelloWorld\Server_Kuo\Debug\link.command.1.tlog
C:\Users\Chiang\Documents\GitHub\WindowsSocket2HelloWorld\Server_Kuo\Debug\link.read.1.tlog
C:\Users\Chiang\Documents\GitHub\WindowsSocket2HelloWorld\Server_Kuo\Debug\link.write.1.tlog
C:\Users\Chiang\Documents\GitHub\WindowsSocket2HelloWorld\Server_Kuo\Debug\mt.command.1.tlog
C:\Users\Chiang\Documents\GitHub\WindowsSocket2HelloWorld\Server_Kuo\Debug\mt.read.1.tlog
C:\Users\Chiang\Documents\GitHub\WindowsSocket2HelloWorld\Server_Kuo\Debug\mt.write.1.tlog
C:\USERS\CHIANG\DOCUMENTS\GITHUB\WINDOWSSOCKET2HELLOWORLD\SERVER_KUO\DEBUG\SERVER.OBJ
C:\USERS\CHIANG\DOCUMENTS\GITHUB\WINDOWSSOCKET2HELLOWORLD\SERVER_KUO\DEBUG\SERVER_KUO.EXE.INTERMEDIATE.MANIFEST
C:\Users\Chiang\Documents\GitHub\WindowsSocket2HelloWorld\Server_Kuo\Debug\Server_Kuo.vcxprojResolveAssemblyReference.cache
C:\Users\Chiang\Documents\GitHub\WindowsSocket2HelloWorld\Server_Kuo\Debug\Server_Kuo.write.1.tlog
C:\USERS\CHIANG\DOCUMENTS\GITHUB\WINDOWSSOCKET2HELLOWORLD\SERVER_KUO\DEBUG\TCP-EXCEPTION.OBJ
C:\USERS\CHIANG\DOCUMENTS\GITHUB\WINDOWSSOCKET2HELLOWORLD\SERVER_KUO\DEBUG\TCP-SERVER.OBJ
C:\Users\Chiang\Documents\GitHub\WindowsSocket2HelloWorld\Server_Kuo\Debug\vc100.idb
C:\USERS\CHIANG\DOCUMENTS\GITHUB\WINDOWSSOCKET2HELLOWORLD\SERVER_KUO\DEBUG\VC100.PDB
C:\USERS\SHU\DESKTOP\WINDOWSSOCKETHELLOWORLD\DEBUG\SERVER_KUO.EXE
C:\USERS\SHU\DESKTOP\WINDOWSSOCKETHELLOWORLD\DEBUG\SERVER_KUO.ILK
C:\USERS\SHU\DESKTOP\WINDOWSSOCKETHELLOWORLD\DEBUG\SERVER_KUO.PDB
C:\USERS\SHU\DESKTOP\WINDOWSSOCKETHELLOWORLD\SERVER_KUO\DEBUG\SERVER.OBJ
C:\USERS\SHU\DESKTOP\WINDOWSSOCKETHELLOWORLD\SERVER_KUO\DEBUG\SERVER_KUO.EXE.INTERMEDIATE.MANIFEST
C:\USERS\SHU\DESKTOP\WINDOWSSOCKETHELLOWORLD\SERVER_KUO\DEBUG\TCP-EXCEPTION.OBJ
C:\USERS\SHU\DESKTOP\WINDOWSSOCKETHELLOWORLD\SERVER_KUO\DEBUG\TCP-SERVER.OBJ
C:\USERS\SHU\DESKTOP\WINDOWSSOCKETHELLOWORLD\SERVER_KUO\DEBUG\VC100.PDB
