F:\Dropbox\Shu\Program\GitHub\WinSocket2HelloWorld\Client\Debug\cl.command.1.tlog
F:\Dropbox\Shu\Program\GitHub\WinSocket2HelloWorld\Client\Debug\CL.read.1.tlog
F:\Dropbox\Shu\Program\GitHub\WinSocket2HelloWorld\Client\Debug\CL.write.1.tlog
F:\DROPBOX\SHU\PROGRAM\GITHUB\WINSOCKET2HELLOWORLD\CLIENT\DEBUG\CLIENT.EXE.INTERMEDIATE.MANIFEST
F:\Dropbox\Shu\Program\GitHub\WinSocket2HelloWorld\Client\Debug\Client.write.1.tlog
F:\DROPBOX\SHU\PROGRAM\GITHUB\WINSOCKET2HELLOWORLD\CLIENT\DEBUG\EXCEPTIONS.OBJ
F:\Dropbox\Shu\Program\GitHub\WinSocket2HelloWorld\Client\Debug\link.command.1.tlog
F:\Dropbox\Shu\Program\GitHub\WinSocket2HelloWorld\Client\Debug\link.read.1.tlog
F:\Dropbox\Shu\Program\GitHub\WinSocket2HelloWorld\Client\Debug\link.write.1.tlog
F:\DROPBOX\SHU\PROGRAM\GITHUB\WINSOCKET2HELLOWORLD\CLIENT\DEBUG\MAIN.OBJ
F:\Dropbox\Shu\Program\GitHub\WinSocket2HelloWorld\Client\Debug\mt.command.1.tlog
F:\Dropbox\Shu\Program\GitHub\WinSocket2HelloWorld\Client\Debug\mt.read.1.tlog
F:\Dropbox\Shu\Program\GitHub\WinSocket2HelloWorld\Client\Debug\mt.write.1.tlog
F:\DROPBOX\SHU\PROGRAM\GITHUB\WINSOCKET2HELLOWORLD\CLIENT\DEBUG\TCPCONNECTOR.OBJ
F:\DROPBOX\SHU\PROGRAM\GITHUB\WINSOCKET2HELLOWORLD\CLIENT\DEBUG\TCPSTREAM.OBJ
F:\Dropbox\Shu\Program\GitHub\WinSocket2HelloWorld\Client\Debug\vc100.idb
F:\DROPBOX\SHU\PROGRAM\GITHUB\WINSOCKET2HELLOWORLD\CLIENT\DEBUG\VC100.PDB
F:\DROPBOX\SHU\PROGRAM\GITHUB\WINSOCKET2HELLOWORLD\DEBUG\CLIENT.EXE
F:\DROPBOX\SHU\PROGRAM\GITHUB\WINSOCKET2HELLOWORLD\DEBUG\CLIENT.ILK
F:\DROPBOX\SHU\PROGRAM\GITHUB\WINSOCKET2HELLOWORLD\DEBUG\CLIENT.PDB
