Build started 2014/11/2 下午 02:20:55.
     1>Project "F:\Dropbox\Shu\Program\GitHub\WinSocket2HelloWorld\Client\Client.vcxproj" on node 2 (build target(s)).
     1>InitializeBuildStatus:
         Creating "Debug\Client.unsuccessfulbuild" because "AlwaysCreate" was specified.
       ClCompile:
         c:\Program Files (x86)\Microsoft Visual Studio 10.0\VC\bin\CL.exe /c /ZI /nologo /W3 /WX- /Od /Oy- /D _MBCS /Gm /EHsc /RTC1 /MDd /GS /fp:precise /Zc:wchar_t /Zc:forScope /Fo"Debug\\" /Fd"Debug\vc100.pdb" /Gd /TP /analyze- /errorReport:prompt main.cpp
         main.cpp
       Link:
         c:\Program Files (x86)\Microsoft Visual Studio 10.0\VC\bin\link.exe /ERRORREPORT:PROMPT /OUT:"F:\Dropbox\Shu\Program\GitHub\WinSocket2HelloWorld\Debug\Client.exe" /NOLOGO ws2_32.lib kernel32.lib user32.lib gdi32.lib winspool.lib comdlg32.lib advapi32.lib shell32.lib ole32.lib oleaut32.lib uuid.lib odbc32.lib odbccp32.lib /MANIFEST /ManifestFile:"Debug\Client.exe.intermediate.manifest" /MANIFESTUAC:"level='asInvoker' uiAccess='false'" /DEBUG /PDB:"F:\Dropbox\Shu\Program\GitHub\WinSocket2HelloWorld\Debug\Client.pdb" /TLBID:1 /DYNAMICBASE /NXCOMPAT /IMPLIB:"F:\Dropbox\Shu\Program\GitHub\WinSocket2HelloWorld\Debug\Client.lib" /MACHINE:X86 Debug\Exceptions.obj
         Debug\main.obj
         Debug\TCPConnector.obj
         Debug\TCPStream.obj
         LINK : F:\Dropbox\Shu\Program\GitHub\WinSocket2HelloWorld\Debug\Client.exe not found or not built by the last incremental link; performing full link
         Client.vcxproj -> F:\Dropbox\Shu\Program\GitHub\WinSocket2HelloWorld\Debug\Client.exe
       Manifest:
         C:\Program Files (x86)\Microsoft SDKs\Windows\v7.0A\bin\mt.exe /nologo /verbose /outputresource:"F:\Dropbox\Shu\Program\GitHub\WinSocket2HelloWorld\Debug\Client.exe;#1" /manifest Debug\Client.exe.intermediate.manifest
       FinalizeBuildStatus:
         Deleting file "Debug\Client.unsuccessfulbuild".
         Touching "Debug\Client.lastbuildstate".
     1>Done Building Project "F:\Dropbox\Shu\Program\GitHub\WinSocket2HelloWorld\Client\Client.vcxproj" (build target(s)).

Build succeeded.

Time Elapsed 00:00:01.23
